<?xml version="1.0" encoding="UTF-8"?>
<!-- Generated by org.testng.reporters.JUnitReportReporter -->
<testsuite hostname="FarhanKhalid" failures="0" tests="1" name="test10.Class10" time="2.701" errors="0" timestamp="2022-12-04T22:56:45 EST" skipped="0">
  <testcase classname="test10.Class10" name="Testing" time="2.701"/>
  <system-out/>
</testsuite> <!-- test10.Class10 -->
